0 info it worked if it ends with ok
1 verbose cli [ '/Users/alsol/.nvm/v0.10.36/bin/node',
1 verbose cli   '/Users/alsol/.nvm/v0.10.36/bin/npm',
1 verbose cli   'publish',
1 verbose cli   '.' ]
2 info using npm@1.4.28
3 info using node@v0.10.36
4 verbose publish [ '.' ]
5 verbose cache add [ '.', null ]
6 verbose cache add name=undefined spec="." args=[".",null]
7 verbose parsed url { protocol: null,
7 verbose parsed url   slashes: null,
7 verbose parsed url   auth: null,
7 verbose parsed url   host: null,
7 verbose parsed url   port: null,
7 verbose parsed url   hostname: null,
7 verbose parsed url   hash: null,
7 verbose parsed url   search: null,
7 verbose parsed url   query: null,
7 verbose parsed url   pathname: '.',
7 verbose parsed url   path: '.',
7 verbose parsed url   href: '.' }
8 silly lockFile 3a52ce78- .
9 verbose lock . /Users/alsol/.npm/3a52ce78-.lock
10 verbose tar pack [ '/Users/alsol/.npm/mithril-toolkit/0.0.0/package.tgz', '.' ]
11 verbose tarball /Users/alsol/.npm/mithril-toolkit/0.0.0/package.tgz
12 verbose folder .
13 info prepublish mithril-toolkit@0.0.0
14 silly lockFile 1f1177db-tar tar://.
15 verbose lock tar://. /Users/alsol/.npm/1f1177db-tar.lock
16 silly lockFile 1e4d3445-ithril-toolkit-0-0-0-package-tgz tar:///Users/alsol/.npm/mithril-toolkit/0.0.0/package.tgz
17 verbose lock tar:///Users/alsol/.npm/mithril-toolkit/0.0.0/package.tgz /Users/alsol/.npm/1e4d3445-ithril-toolkit-0-0-0-package-tgz.lock
18 silly lockFile 1f1177db-tar tar://.
19 silly lockFile 1f1177db-tar tar://.
20 silly lockFile 1e4d3445-ithril-toolkit-0-0-0-package-tgz tar:///Users/alsol/.npm/mithril-toolkit/0.0.0/package.tgz
21 silly lockFile 1e4d3445-ithril-toolkit-0-0-0-package-tgz tar:///Users/alsol/.npm/mithril-toolkit/0.0.0/package.tgz
22 silly lockFile 4ed37d4d-pm-mithril-toolkit-0-0-0-package /Users/alsol/.npm/mithril-toolkit/0.0.0/package
23 verbose lock /Users/alsol/.npm/mithril-toolkit/0.0.0/package /Users/alsol/.npm/4ed37d4d-pm-mithril-toolkit-0-0-0-package.lock
24 silly lockFile 4ed37d4d-pm-mithril-toolkit-0-0-0-package /Users/alsol/.npm/mithril-toolkit/0.0.0/package
25 silly lockFile 4ed37d4d-pm-mithril-toolkit-0-0-0-package /Users/alsol/.npm/mithril-toolkit/0.0.0/package
26 silly lockFile 3a52ce78- .
27 silly lockFile 3a52ce78- .
28 silly publish { name: 'mithril-toolkit',
28 silly publish   version: '0.0.0',
28 silly publish   description: 'Mithril Toolkit',
28 silly publish   main: 'karma.conf.js',
28 silly publish   directories: { test: 'test' },
28 silly publish   dependencies: {},
28 silly publish   devDependencies:
28 silly publish    { browserify: '^11.0.0',
28 silly publish      'jasmine-core': '^2.3.4',
28 silly publish      gulp: '^3.9.0',
28 silly publish      karma: '^0.13.3',
28 silly publish      'karma-browserify': '^4.2.1',
28 silly publish      'karma-chrome-launcher': '^0.2.0',
28 silly publish      'karma-cli': '^0.1.0',
28 silly publish      'karma-firefox-launcher': '^0.1.6',
28 silly publish      'karma-jasmine': '^0.3.6',
28 silly publish      'karma-requirejs': '^0.2.2' },
28 silly publish   scripts:
28 silly publish    { test: 'echo "Error: no test specified" && exit 1',
28 silly publish      pub: 'npm update' },
28 silly publish   repository:
28 silly publish    { type: 'git',
28 silly publish      url: 'https://github.com/inzurrekt/mithril-toolkit.git' },
28 silly publish   keywords: [ 'mithril', 'toolkit' ],
28 silly publish   author: { name: 'inzurrekt@gmail.com' },
28 silly publish   license: 'MIT',
28 silly publish   bugs: { url: 'https://github.com/inzurrekt/mithril-toolkit/issues' },
28 silly publish   homepage: 'https://github.com/inzurrekt/mithril-toolkit',
28 silly publish   gitHead: 'dbacae3dd3799f32792fe279e6fdac771a7deebc',
28 silly publish   readme: '# mithril-toolkit\n',
28 silly publish   readmeFilename: 'README.md',
28 silly publish   _id: 'mithril-toolkit@0.0.0',
28 silly publish   _shasum: '5f03d7cc82529308701868b8051775e4dfae2577',
28 silly publish   _from: '.' }
29 verbose request where is /mithril-toolkit
30 verbose request registry https://registry.npmjs.org/
31 verbose request id 6ce58fa06a76c18d
32 verbose url raw /mithril-toolkit
33 verbose url resolving [ 'https://registry.npmjs.org/', './mithril-toolkit' ]
34 verbose url resolved https://registry.npmjs.org/mithril-toolkit
35 verbose request where is https://registry.npmjs.org/mithril-toolkit
36 info trying registry request attempt 1 at 11:03:16
37 http PUT https://registry.npmjs.org/mithril-toolkit
38 http 403 https://registry.npmjs.org/mithril-toolkit
39 verbose headers { 'content-type': 'application/json',
39 verbose headers   'cache-control': 'max-age=60',
39 verbose headers   'content-length': '95',
39 verbose headers   'accept-ranges': 'bytes',
39 verbose headers   date: 'Wed, 12 Aug 2015 16:03:12 GMT',
39 verbose headers   via: '1.1 varnish',
39 verbose headers   connection: 'keep-alive',
39 verbose headers   'x-served-by': 'cache-lax1421-LAX',
39 verbose headers   'x-cache': 'MISS',
39 verbose headers   'x-cache-hits': '0',
39 verbose headers   'x-timer': 'S1439395391.645535,VS0,VE1302' }
40 error publish Failed PUT 403
41 error Error: "You cannot publish over the previously published version 0.0.0." : mithril-toolkit
41 error     at RegClient.<anonymous> (/Users/alsol/.nvm/v0.10.36/lib/node_modules/npm/node_modules/npm-registry-client/lib/request.js:308:14)
41 error     at Request._callback (/Users/alsol/.nvm/v0.10.36/lib/node_modules/npm/node_modules/npm-registry-client/lib/request.js:246:65)
41 error     at Request.self.callback (/Users/alsol/.nvm/v0.10.36/lib/node_modules/npm/node_modules/request/request.js:236:22)
41 error     at Request.emit (events.js:98:17)
41 error     at Request.<anonymous> (/Users/alsol/.nvm/v0.10.36/lib/node_modules/npm/node_modules/request/request.js:1142:14)
41 error     at Request.emit (events.js:117:20)
41 error     at IncomingMessage.<anonymous> (/Users/alsol/.nvm/v0.10.36/lib/node_modules/npm/node_modules/request/request.js:1096:12)
41 error     at IncomingMessage.emit (events.js:117:20)
41 error     at _stream_readable.js:944:16
41 error     at process._tickCallback (node.js:442:13)
42 error If you need help, you may report this *entire* log,
42 error including the npm and node versions, at:
42 error     <http://github.com/npm/npm/issues>
43 error System Darwin 14.4.0
44 error command "/Users/alsol/.nvm/v0.10.36/bin/node" "/Users/alsol/.nvm/v0.10.36/bin/npm" "publish" "."
45 error cwd /Users/alsol/projects/inzurrekt/mithril-toolkit
46 error node -v v0.10.36
47 error npm -v 1.4.28
48 verbose exit [ 1, true ]
